#-----------------------------------------------------------
# Vivado v2017.2 (64-bit)
# SW Build 1909853 on Thu Jun 15 18:39:09 MDT 2017
# IP Build 1909766 on Thu Jun 15 19:58:00 MDT 2017
# Start of session at: Sun Sep 24 22:04:04 2017
# Process ID: 9352
# Current directory: C:/Users/Diego/Desktop/RepoArqui/2017-2-G06/proyecto/Proyecto Base
# Command line: vivado.exe -gui_launcher_event rodinguilauncherevent11512 C:\Users\Diego\Desktop\RepoArqui\2017-2-G06\proyecto\Proyecto Base\Proyecto Base.xpr
# Log file: C:/Users/Diego/Desktop/RepoArqui/2017-2-G06/proyecto/Proyecto Base/vivado.log
# Journal file: C:/Users/Diego/Desktop/RepoArqui/2017-2-G06/proyecto/Proyecto Base\vivado.jou
#-----------------------------------------------------------
start_gui
open_project {C:/Users/Diego/Desktop/RepoArqui/2017-2-G06/proyecto/Proyecto Base/Proyecto Base.xpr}
CRITICAL WARNING: [Project 1-19] Could not find the file 'C:/Users/Diego/Desktop/RepoArqui/2017-2-G06/proyecto/Proyecto Base/Proyecto Base.srcs/sim_1/new/sim1.vhd'.
Scanning sources...
Finished scanning sources
INFO: [IP_Flow 19-234] Refreshing IP repositories
INFO: [IP_Flow 19-1704] No user IP repositories specified
INFO: [IP_Flow 19-2313] Loaded Vivado IP repository 'C:/Xilinx/Vivado/2017.2/data/ip'.
open_project: Time (s): cpu = 00:00:20 ; elapsed = 00:00:09 . Memory (MB): peak = 806.578 ; gain = 95.770
update_compile_order -fileset sources_1
open_hw
connect_hw_server
INFO: [Labtools 27-2285] Connecting to hw_server url TCP:localhost:3121
INFO: [Labtools 27-2222] Launching hw_server...
INFO: [Labtools 27-2221] Launch Output:

****** Xilinx hw_server v2017.2
  **** Build date : Jun 15 2017-18:53:26
    ** Copyright 1986-2017 Xilinx, Inc. All Rights Reserved.


open_hw_target
INFO: [Labtoolstcl 44-466] Opening hw_target localhost:3121/xilinx_tcf/Digilent/210183637834A
set_property PROGRAM.FILE {C:/Users/Diego/Desktop/RepoArqui/2017-2-G06/proyecto/Proyecto Base/Proyecto Base.runs/impl_1/Basys3.bit} [get_hw_devices xc7a35t_0]
current_hw_device [get_hw_devices xc7a35t_0]
refresh_hw_device -update_hw_probes false [lindex [get_hw_devices xc7a35t_0] 0]
INFO: [Labtools 27-1435] Device xc7a35t (JTAG device index = 0) is not programmed (DONE status = 0).
set_property PROBES.FILE {} [get_hw_devices xc7a35t_0]
set_property FULL_PROBES.FILE {} [get_hw_devices xc7a35t_0]
set_property PROGRAM.FILE {C:/Users/Diego/Desktop/RepoArqui/2017-2-G06/proyecto/Proyecto Base/Proyecto Base.runs/impl_1/Basys3.bit} [get_hw_devices xc7a35t_0]
program_hw_devices [get_hw_devices xc7a35t_0]
INFO: [Labtools 27-3164] End of startup status: HIGH
refresh_hw_device [lindex [get_hw_devices xc7a35t_0] 0]
INFO: [Labtools 27-1434] Device xc7a35t (JTAG device index = 0) is programmed with a design that has no supported debug core(s) in it.
WARNING: [Labtools 27-3361] The debug hub core was not detected.
Resolution: 
1. Make sure the clock connected to the debug hub (dbg_hub) core is a free running clock and is active.
2. Make sure the BSCAN_SWITCH_USER_MASK device property in Vivado Hardware Manager reflects the user scan chain setting in the design and refresh the device.  To determine the user scan chain setting in the design, open the implemented design and use 'get_property C_USER_SCAN_CHAIN [get_debug_cores dbg_hub]'.
For more details on setting the scan chain property, consult the Vivado Debug and Programming User Guide (UG908).
reset_run synth_1
launch_runs synth_1 -jobs 2
[Sun Sep 24 23:13:48 2017] Launched synth_1...
Run output will be captured here: C:/Users/Diego/Desktop/RepoArqui/2017-2-G06/proyecto/Proyecto Base/Proyecto Base.runs/synth_1/runme.log
launch_runs impl_1 -jobs 2
[Sun Sep 24 23:14:58 2017] Launched impl_1...
Run output will be captured here: C:/Users/Diego/Desktop/RepoArqui/2017-2-G06/proyecto/Proyecto Base/Proyecto Base.runs/impl_1/runme.log
launch_runs impl_1 -to_step write_bitstream -jobs 2
[Sun Sep 24 23:16:46 2017] Launched impl_1...
Run output will be captured here: C:/Users/Diego/Desktop/RepoArqui/2017-2-G06/proyecto/Proyecto Base/Proyecto Base.runs/impl_1/runme.log
set_property PROBES.FILE {} [get_hw_devices xc7a35t_0]
set_property FULL_PROBES.FILE {} [get_hw_devices xc7a35t_0]
set_property PROGRAM.FILE {C:/Users/Diego/Desktop/RepoArqui/2017-2-G06/proyecto/Proyecto Base/Proyecto Base.runs/impl_1/Basys3.bit} [get_hw_devices xc7a35t_0]
program_hw_devices [get_hw_devices xc7a35t_0]
INFO: [Labtools 27-3164] End of startup status: HIGH
refresh_hw_device [lindex [get_hw_devices xc7a35t_0] 0]
INFO: [Labtools 27-1434] Device xc7a35t (JTAG device index = 0) is programmed with a design that has no supported debug core(s) in it.
WARNING: [Labtools 27-3361] The debug hub core was not detected.
Resolution: 
1. Make sure the clock connected to the debug hub (dbg_hub) core is a free running clock and is active.
2. Make sure the BSCAN_SWITCH_USER_MASK device property in Vivado Hardware Manager reflects the user scan chain setting in the design and refresh the device.  To determine the user scan chain setting in the design, open the implemented design and use 'get_property C_USER_SCAN_CHAIN [get_debug_cores dbg_hub]'.
For more details on setting the scan chain property, consult the Vivado Debug and Programming User Guide (UG908).
reset_run synth_1
launch_runs synth_1 -jobs 2
[Sun Sep 24 23:19:00 2017] Launched synth_1...
Run output will be captured here: C:/Users/Diego/Desktop/RepoArqui/2017-2-G06/proyecto/Proyecto Base/Proyecto Base.runs/synth_1/runme.log
reset_run synth_1
launch_runs synth_1 -jobs 2
[Sun Sep 24 23:21:10 2017] Launched synth_1...
Run output will be captured here: C:/Users/Diego/Desktop/RepoArqui/2017-2-G06/proyecto/Proyecto Base/Proyecto Base.runs/synth_1/runme.log
reset_run synth_1
launch_runs synth_1 -jobs 2
[Sun Sep 24 23:22:42 2017] Launched synth_1...
Run output will be captured here: C:/Users/Diego/Desktop/RepoArqui/2017-2-G06/proyecto/Proyecto Base/Proyecto Base.runs/synth_1/runme.log
reset_run synth_1
launch_runs synth_1 -jobs 2
[Sun Sep 24 23:33:05 2017] Launched synth_1...
Run output will be captured here: C:/Users/Diego/Desktop/RepoArqui/2017-2-G06/proyecto/Proyecto Base/Proyecto Base.runs/synth_1/runme.log
reset_run synth_1
launch_runs synth_1 -jobs 2
[Sun Sep 24 23:34:20 2017] Launched synth_1...
Run output will be captured here: C:/Users/Diego/Desktop/RepoArqui/2017-2-G06/proyecto/Proyecto Base/Proyecto Base.runs/synth_1/runme.log
reset_run synth_1
launch_runs synth_1 -jobs 2
[Sun Sep 24 23:35:19 2017] Launched synth_1...
Run output will be captured here: C:/Users/Diego/Desktop/RepoArqui/2017-2-G06/proyecto/Proyecto Base/Proyecto Base.runs/synth_1/runme.log
launch_runs impl_1 -jobs 2
[Sun Sep 24 23:40:43 2017] Launched impl_1...
Run output will be captured here: C:/Users/Diego/Desktop/RepoArqui/2017-2-G06/proyecto/Proyecto Base/Proyecto Base.runs/impl_1/runme.log
open_run impl_1
INFO: [Netlist 29-17] Analyzing 25 Unisim elements for replacement
INFO: [Netlist 29-28] Unisim Transformation completed in 0 CPU seconds
INFO: [Project 1-479] Netlist was created with Vivado 2017.2
INFO: [Device 21-403] Loading part xc7a35tcpg236-1
INFO: [Project 1-570] Preparing netlist for logic optimization
Parsing XDC File [C:/Users/Diego/Desktop/RepoArqui/2017-2-G06/proyecto/Proyecto Base/.Xil/Vivado-9352-DESKTOP-BFRCMJ7/dcp9/Basys3.xdc]
Finished Parsing XDC File [C:/Users/Diego/Desktop/RepoArqui/2017-2-G06/proyecto/Proyecto Base/.Xil/Vivado-9352-DESKTOP-BFRCMJ7/dcp9/Basys3.xdc]
Reading XDEF placement.
Reading placer database...
Reading XDEF routing.
Read XDEF File: Time (s): cpu = 00:00:00 ; elapsed = 00:00:00.068 . Memory (MB): peak = 1201.625 ; gain = 0.000
Restored from archive | CPU: 0.000000 secs | Memory: 0.000000 MB |
Finished XDEF File Restore: Time (s): cpu = 00:00:00 ; elapsed = 00:00:00.068 . Memory (MB): peak = 1201.625 ; gain = 0.000
INFO: [Project 1-111] Unisim Transformation Summary:
No Unisim elements were transformed.

open_run: Time (s): cpu = 00:00:23 ; elapsed = 00:00:15 . Memory (MB): peak = 1302.082 ; gain = 294.184
launch_runs impl_1 -to_step write_bitstream -jobs 2
[Sun Sep 24 23:43:59 2017] Launched impl_1...
Run output will be captured here: C:/Users/Diego/Desktop/RepoArqui/2017-2-G06/proyecto/Proyecto Base/Proyecto Base.runs/impl_1/runme.log
set_property PROBES.FILE {} [get_hw_devices xc7a35t_0]
set_property FULL_PROBES.FILE {} [get_hw_devices xc7a35t_0]
set_property PROGRAM.FILE {C:/Users/Diego/Desktop/RepoArqui/2017-2-G06/proyecto/Proyecto Base/Proyecto Base.runs/impl_1/Basys3.bit} [get_hw_devices xc7a35t_0]
program_hw_devices [get_hw_devices xc7a35t_0]
INFO: [Labtools 27-3164] End of startup status: HIGH
refresh_hw_device [lindex [get_hw_devices xc7a35t_0] 0]
INFO: [Labtools 27-1434] Device xc7a35t (JTAG device index = 0) is programmed with a design that has no supported debug core(s) in it.
WARNING: [Labtools 27-3361] The debug hub core was not detected.
Resolution: 
1. Make sure the clock connected to the debug hub (dbg_hub) core is a free running clock and is active.
2. Make sure the BSCAN_SWITCH_USER_MASK device property in Vivado Hardware Manager reflects the user scan chain setting in the design and refresh the device.  To determine the user scan chain setting in the design, open the implemented design and use 'get_property C_USER_SCAN_CHAIN [get_debug_cores dbg_hub]'.
For more details on setting the scan chain property, consult the Vivado Debug and Programming User Guide (UG908).
reset_run synth_1
launch_runs synth_1 -jobs 2
[Sun Sep 24 23:46:54 2017] Launched synth_1...
Run output will be captured here: C:/Users/Diego/Desktop/RepoArqui/2017-2-G06/proyecto/Proyecto Base/Proyecto Base.runs/synth_1/runme.log
launch_runs impl_1 -jobs 2
[Sun Sep 24 23:48:17 2017] Launched impl_1...
Run output will be captured here: C:/Users/Diego/Desktop/RepoArqui/2017-2-G06/proyecto/Proyecto Base/Proyecto Base.runs/impl_1/runme.log
launch_runs impl_1 -to_step write_bitstream -jobs 2
[Sun Sep 24 23:50:20 2017] Launched impl_1...
Run output will be captured here: C:/Users/Diego/Desktop/RepoArqui/2017-2-G06/proyecto/Proyecto Base/Proyecto Base.runs/impl_1/runme.log
set_property PROBES.FILE {} [get_hw_devices xc7a35t_0]
set_property FULL_PROBES.FILE {} [get_hw_devices xc7a35t_0]
set_property PROGRAM.FILE {C:/Users/Diego/Desktop/RepoArqui/2017-2-G06/proyecto/Proyecto Base/Proyecto Base.runs/impl_1/Basys3.bit} [get_hw_devices xc7a35t_0]
program_hw_devices [get_hw_devices xc7a35t_0]
INFO: [Labtools 27-3164] End of startup status: HIGH
refresh_hw_device [lindex [get_hw_devices xc7a35t_0] 0]
INFO: [Labtools 27-1434] Device xc7a35t (JTAG device index = 0) is programmed with a design that has no supported debug core(s) in it.
WARNING: [Labtools 27-3361] The debug hub core was not detected.
Resolution: 
1. Make sure the clock connected to the debug hub (dbg_hub) core is a free running clock and is active.
2. Make sure the BSCAN_SWITCH_USER_MASK device property in Vivado Hardware Manager reflects the user scan chain setting in the design and refresh the device.  To determine the user scan chain setting in the design, open the implemented design and use 'get_property C_USER_SCAN_CHAIN [get_debug_cores dbg_hub]'.
For more details on setting the scan chain property, consult the Vivado Debug and Programming User Guide (UG908).
reset_run synth_1
launch_runs synth_1 -jobs 2
[Sun Sep 24 23:56:46 2017] Launched synth_1...
Run output will be captured here: C:/Users/Diego/Desktop/RepoArqui/2017-2-G06/proyecto/Proyecto Base/Proyecto Base.runs/synth_1/runme.log
launch_runs impl_1 -jobs 2
[Sun Sep 24 23:58:14 2017] Launched impl_1...
Run output will be captured here: C:/Users/Diego/Desktop/RepoArqui/2017-2-G06/proyecto/Proyecto Base/Proyecto Base.runs/impl_1/runme.log
launch_runs impl_1 -to_step write_bitstream -jobs 2
[Mon Sep 25 00:00:10 2017] Launched impl_1...
Run output will be captured here: C:/Users/Diego/Desktop/RepoArqui/2017-2-G06/proyecto/Proyecto Base/Proyecto Base.runs/impl_1/runme.log
set_property PROBES.FILE {} [get_hw_devices xc7a35t_0]
set_property FULL_PROBES.FILE {} [get_hw_devices xc7a35t_0]
set_property PROGRAM.FILE {C:/Users/Diego/Desktop/RepoArqui/2017-2-G06/proyecto/Proyecto Base/Proyecto Base.runs/impl_1/Basys3.bit} [get_hw_devices xc7a35t_0]
program_hw_devices [get_hw_devices xc7a35t_0]
INFO: [Labtools 27-3164] End of startup status: HIGH
refresh_hw_device [lindex [get_hw_devices xc7a35t_0] 0]
INFO: [Labtools 27-1434] Device xc7a35t (JTAG device index = 0) is programmed with a design that has no supported debug core(s) in it.
WARNING: [Labtools 27-3361] The debug hub core was not detected.
Resolution: 
1. Make sure the clock connected to the debug hub (dbg_hub) core is a free running clock and is active.
2. Make sure the BSCAN_SWITCH_USER_MASK device property in Vivado Hardware Manager reflects the user scan chain setting in the design and refresh the device.  To determine the user scan chain setting in the design, open the implemented design and use 'get_property C_USER_SCAN_CHAIN [get_debug_cores dbg_hub]'.
For more details on setting the scan chain property, consult the Vivado Debug and Programming User Guide (UG908).
reset_run synth_1
launch_runs synth_1 -jobs 2
[Mon Sep 25 00:27:06 2017] Launched synth_1...
Run output will be captured here: C:/Users/Diego/Desktop/RepoArqui/2017-2-G06/proyecto/Proyecto Base/Proyecto Base.runs/synth_1/runme.log
reset_run synth_1
launch_runs synth_1 -jobs 2
[Mon Sep 25 00:31:07 2017] Launched synth_1...
Run output will be captured here: C:/Users/Diego/Desktop/RepoArqui/2017-2-G06/proyecto/Proyecto Base/Proyecto Base.runs/synth_1/runme.log
launch_runs impl_1 -jobs 2
[Mon Sep 25 00:34:30 2017] Launched impl_1...
Run output will be captured here: C:/Users/Diego/Desktop/RepoArqui/2017-2-G06/proyecto/Proyecto Base/Proyecto Base.runs/impl_1/runme.log
launch_runs impl_1 -to_step write_bitstream -jobs 2
[Mon Sep 25 00:37:14 2017] Launched impl_1...
Run output will be captured here: C:/Users/Diego/Desktop/RepoArqui/2017-2-G06/proyecto/Proyecto Base/Proyecto Base.runs/impl_1/runme.log
set_property PROBES.FILE {} [get_hw_devices xc7a35t_0]
set_property FULL_PROBES.FILE {} [get_hw_devices xc7a35t_0]
set_property PROGRAM.FILE {C:/Users/Diego/Desktop/RepoArqui/2017-2-G06/proyecto/Proyecto Base/Proyecto Base.runs/impl_1/Basys3.bit} [get_hw_devices xc7a35t_0]
program_hw_devices [get_hw_devices xc7a35t_0]
INFO: [Labtools 27-3164] End of startup status: HIGH
refresh_hw_device [lindex [get_hw_devices xc7a35t_0] 0]
INFO: [Labtools 27-1434] Device xc7a35t (JTAG device index = 0) is programmed with a design that has no supported debug core(s) in it.
WARNING: [Labtools 27-3361] The debug hub core was not detected.
Resolution: 
1. Make sure the clock connected to the debug hub (dbg_hub) core is a free running clock and is active.
2. Make sure the BSCAN_SWITCH_USER_MASK device property in Vivado Hardware Manager reflects the user scan chain setting in the design and refresh the device.  To determine the user scan chain setting in the design, open the implemented design and use 'get_property C_USER_SCAN_CHAIN [get_debug_cores dbg_hub]'.
For more details on setting the scan chain property, consult the Vivado Debug and Programming User Guide (UG908).
