#-----------------------------------------------------------
# Vivado v2017.2 (64-bit)
# SW Build 1909853 on Thu Jun 15 18:39:09 MDT 2017
# IP Build 1909766 on Thu Jun 15 19:58:00 MDT 2017
# Start of session at: Sun Sep  3 21:48:34 2017
# Process ID: 8496
# Current directory: C:/Users/Diego/Desktop/RepoArqui/2017-2-G06/proyecto/Proyecto Base
# Command line: vivado.exe -gui_launcher_event rodinguilauncherevent11552 C:\Users\Diego\Desktop\RepoArqui\2017-2-G06\proyecto\Proyecto Base\Proyecto Base.xpr
# Log file: C:/Users/Diego/Desktop/RepoArqui/2017-2-G06/proyecto/Proyecto Base/vivado.log
# Journal file: C:/Users/Diego/Desktop/RepoArqui/2017-2-G06/proyecto/Proyecto Base\vivado.jou
#-----------------------------------------------------------
start_gui
open_project {C:/Users/Diego/Desktop/RepoArqui/2017-2-G06/proyecto/Proyecto Base/Proyecto Base.xpr}
CRITICAL WARNING: [Project 1-19] Could not find the file 'C:/Users/Diego/Desktop/RepoArqui/2017-2-G06/proyecto/Proyecto Base/Proyecto Base.srcs/sim_1/new/sim1.vhd'.
Scanning sources...
Finished scanning sources
WARNING: [Project 1-509] GeneratedRun file for 'synth_1' not found
WARNING: [Project 1-509] GeneratedRun file for 'impl_1' not found
INFO: [IP_Flow 19-234] Refreshing IP repositories
INFO: [IP_Flow 19-1704] No user IP repositories specified
INFO: [IP_Flow 19-2313] Loaded Vivado IP repository 'C:/Xilinx/Vivado/2017.2/data/ip'.
open_project: Time (s): cpu = 00:00:13 ; elapsed = 00:00:05 . Memory (MB): peak = 777.348 ; gain = 26.676
update_compile_order -fileset sources_1
launch_simulation
INFO: [SIM-utils-51] Simulation object is 'sim_1'
INFO: [SIM-utils-54] Inspecting design source files for 'Basys3' in fileset 'sim_1'...
INFO: [USF-XSim-97] Finding global include files...
INFO: [USF-XSim-98] Fetching design files from 'sim_1'...
INFO: [USF-XSim-2] XSim::Compile design
INFO: [USF-XSim-61] Executing 'COMPILE and ANALYZE' step in 'C:/Users/Diego/Desktop/RepoArqui/2017-2-G06/proyecto/Proyecto Base/Proyecto Base.sim/sim_1/behav'
"xvhdl -m64 --relax -prj Basys3_vhdl.prj"
INFO: [VRFC 10-163] Analyzing VHDL file "C:/Users/Diego/Desktop/RepoArqui/2017-2-G06/proyecto/Proyecto Base/Proyecto Base.srcs/sources_1/imports/new/ALU.vhd" into library xil_defaultlib
INFO: [VRFC 10-307] analyzing entity ALU
INFO: [VRFC 10-163] Analyzing VHDL file "C:/Users/Diego/Desktop/RepoArqui/2017-2-G06/proyecto/Proyecto Base/Proyecto Base.srcs/sources_1/imports/new/Clock_Divider.vhd" into library xil_defaultlib
INFO: [VRFC 10-307] analyzing entity Clock_Divider
INFO: [VRFC 10-163] Analyzing VHDL file "C:/Users/Diego/Desktop/RepoArqui/2017-2-G06/proyecto/Proyecto Base/Proyecto Base.srcs/sources_1/imports/new/Debouncer.vhd" into library xil_defaultlib
INFO: [VRFC 10-307] analyzing entity Debouncer
INFO: [VRFC 10-163] Analyzing VHDL file "C:/Users/Diego/Desktop/RepoArqui/2017-2-G06/proyecto/Proyecto Base/Proyecto Base.srcs/sources_1/imports/new/Display_Controller.vhd" into library xil_defaultlib
INFO: [VRFC 10-307] analyzing entity Display_Controller
INFO: [VRFC 10-163] Analyzing VHDL file "C:/Users/Diego/Desktop/RepoArqui/2017-2-G06/proyecto/Proyecto Base/Proyecto Base.srcs/sources_1/imports/new/FA.vhd" into library xil_defaultlib
INFO: [VRFC 10-307] analyzing entity FA
INFO: [VRFC 10-163] Analyzing VHDL file "C:/Users/Diego/Desktop/RepoArqui/2017-2-G06/proyecto/Proyecto Base/Proyecto Base.srcs/sources_1/imports/new/Reg.vhd" into library xil_defaultlib
INFO: [VRFC 10-307] analyzing entity Reg
INFO: [VRFC 10-163] Analyzing VHDL file "C:/Users/Diego/Desktop/RepoArqui/2017-2-G06/proyecto/Proyecto Base/Proyecto Base.srcs/sources_1/imports/new/operadores.vhd" into library xil_defaultlib
INFO: [VRFC 10-307] analyzing entity SUM
INFO: [VRFC 10-163] Analyzing VHDL file "C:/Users/Diego/Desktop/RepoArqui/2017-2-G06/proyecto/Proyecto Base/Proyecto Base.srcs/sources_1/imports/new/resta.vhd" into library xil_defaultlib
INFO: [VRFC 10-307] analyzing entity RESTA
INFO: [VRFC 10-163] Analyzing VHDL file "C:/Users/Diego/Desktop/RepoArqui/2017-2-G06/proyecto/Proyecto Base/Proyecto Base.srcs/sources_1/imports/new/Basys3.vhd" into library xil_defaultlib
INFO: [VRFC 10-307] analyzing entity Basys3
INFO: [USF-XSim-69] 'compile' step finished in '1' seconds
INFO: [USF-XSim-3] XSim::Elaborate design
INFO: [USF-XSim-61] Executing 'ELABORATE' step in 'C:/Users/Diego/Desktop/RepoArqui/2017-2-G06/proyecto/Proyecto Base/Proyecto Base.sim/sim_1/behav'
Vivado Simulator 2017.2
Copyright 1986-1999, 2001-2016 Xilinx, Inc. All Rights Reserved.
Running: C:/Xilinx/Vivado/2017.2/bin/unwrapped/win64.o/xelab.exe -wto a35b2fba0be742e6ac0032a12eca4df6 --debug typical --relax --mt 2 -L xil_defaultlib -L secureip --snapshot Basys3_behav xil_defaultlib.Basys3 -log elaborate.log 
Using 2 slave threads.
Starting static elaboration
Completed static elaboration
Starting simulation data flow analysis
Completed simulation data flow analysis
Time Resolution for simulation is 1ps
Compiling package std.standard
Compiling package std.textio
Compiling package ieee.std_logic_1164
Compiling package ieee.std_logic_arith
Compiling package ieee.std_logic_unsigned
Compiling package ieee.numeric_std
Compiling package ieee.math_real
Compiling architecture behavioral of entity xil_defaultlib.Clock_Divider [clock_divider_default]
Compiling architecture behavioral of entity xil_defaultlib.Display_Controller [display_controller_default]
Compiling architecture behavioral of entity xil_defaultlib.Debouncer [debouncer_default]
Compiling architecture behavioral of entity xil_defaultlib.Reg [reg_default]
Compiling architecture bhd of entity xil_defaultlib.FA [fa_default]
Compiling architecture bhd of entity xil_defaultlib.SUM [sum_default]
Compiling architecture bhd of entity xil_defaultlib.RESTA [resta_default]
Compiling architecture behavioral of entity xil_defaultlib.ALU [alu_default]
Compiling architecture behavioral of entity xil_defaultlib.basys3
Built simulation snapshot Basys3_behav

****** Webtalk v2017.2 (64-bit)
  **** SW Build 1909853 on Thu Jun 15 18:39:09 MDT 2017
  **** IP Build 1909766 on Thu Jun 15 19:58:00 MDT 2017
    ** Copyright 1986-2017 Xilinx, Inc. All Rights Reserved.

source C:/Users/Diego/Desktop/RepoArqui/2017-2-G06/proyecto/Proyecto -notrace
invalid command name "%"
    while executing
"% Total    % Received % Xferd  Average Speed   Time    Time     Time  Current"
    (file "C:/Users/Diego/Desktop/RepoArqui/2017-2-G06/proyecto/Proyecto" line 1)
INFO: [Common 17-206] Exiting Webtalk at Sun Sep  3 21:49:10 2017...
INFO: [USF-XSim-69] 'elaborate' step finished in '3' seconds
INFO: [USF-XSim-4] XSim::Simulate design
INFO: [USF-XSim-61] Executing 'SIMULATE' step in 'C:/Users/Diego/Desktop/RepoArqui/2017-2-G06/proyecto/Proyecto Base/Proyecto Base.sim/sim_1/behav'
INFO: [USF-XSim-98] *** Running xsim
   with args "Basys3_behav -key {Behavioral:sim_1:Functional:Basys3} -tclbatch {Basys3.tcl} -log {simulate.log}"
INFO: [USF-XSim-8] Loading simulator feature
Vivado Simulator 2017.2
Time resolution is 1 ps
source Basys3.tcl
# set curr_wave [current_wave_config]
# if { [string length $curr_wave] == 0 } {
#   if { [llength [get_objects]] > 0} {
#     add_wave /
#     set_property needs_save false [current_wave_config]
#   } else {
#      send_msg_id Add_Wave-1 WARNING "No top level signals found. Simulator will start without a wave window. If you want to open a wave window go to 'File->New Waveform Configuration' or type 'create_wave_config' in the TCL console."
#   }
# }
# run 10s
INFO: [USF-XSim-96] XSim completed. Design snapshot 'Basys3_behav' loaded.
INFO: [USF-XSim-97] XSim simulation ran for 10s
launch_simulation: Time (s): cpu = 00:00:08 ; elapsed = 00:00:08 . Memory (MB): peak = 779.137 ; gain = 1.789
launch_runs synth_1 -jobs 2
[Sun Sep  3 21:49:29 2017] Launched synth_1...
Run output will be captured here: C:/Users/Diego/Desktop/RepoArqui/2017-2-G06/proyecto/Proyecto Base/Proyecto Base.runs/synth_1/runme.log
launch_runs impl_1 -jobs 2
[Sun Sep  3 21:50:25 2017] Launched impl_1...
Run output will be captured here: C:/Users/Diego/Desktop/RepoArqui/2017-2-G06/proyecto/Proyecto Base/Proyecto Base.runs/impl_1/runme.log
close_sim
INFO: [Simtcl 6-16] Simulation closed
exit
INFO: [Common 17-206] Exiting Vivado at Sun Sep  3 21:51:43 2017...
